<?xml version="1.0" encoding="UTF-8"?>
<coverage generated="1626847975">
  <project timestamp="1626847975">
    <package name="MayMeow\Cert">
      <file name="/app/src/Cert/X509Certificate2.php">
        <class name="MayMeow\Cert\X509Certificate2" namespace="MayMeow\Cert" fullPackage="MayMeow" package="MayMeow">
          <metrics complexity="0" methods="0" coveredmethods="0" conditionals="0" coveredconditionals="0" statements="0" coveredstatements="0" elements="0" coveredelements="0"/>
        </class>
        <metrics loc="15" ncloc="7" classes="0" methods="0" coveredmethods="0" conditionals="0" coveredconditionals="0" statements="0" coveredstatements="0" elements="0" coveredelements="0"/>
      </file>
    </package>
    <package name="MayMeow\Factory">
      <file name="/app/src/Factory/CertificateFactory.php">
        <class name="MayMeow\Factory\CertificateFactory" namespace="MayMeow\Factory" fullPackage="MayMeow" package="MayMeow">
          <metrics complexity="39" methods="27" coveredmethods="12" conditionals="0" coveredconditionals="0" statements="103" coveredstatements="55" elements="130" coveredelements="67"/>
        </class>
        <line num="167" type="method" name="__construct" visibility="public" complexity="2" crap="2" count="12"/>
        <line num="169" type="stmt" count="12"/>
        <line num="170" type="stmt" count="12"/>
        <line num="172" type="stmt" count="12"/>
        <line num="173" type="stmt" count="12"/>
        <line num="175" type="stmt" count="12"/>
        <line num="179" type="stmt" count="12"/>
        <line num="186" type="method" name="_setDataPath" visibility="protected" complexity="1" crap="2.00" count="0"/>
        <line num="188" type="stmt" count="0"/>
        <line num="189" type="stmt" count="0"/>
        <line num="196" type="method" name="_setTemplatesPath" visibility="protected" complexity="1" crap="2.00" count="0"/>
        <line num="198" type="stmt" count="0"/>
        <line num="199" type="stmt" count="0"/>
        <line num="200" type="stmt" count="0"/>
        <line num="201" type="stmt" count="0"/>
        <line num="202" type="stmt" count="0"/>
        <line num="203" type="stmt" count="0"/>
        <line num="205" type="stmt" count="0"/>
        <line num="210" type="method" name="getKeyPair" visibility="public" complexity="2" crap="2" count="3"/>
        <line num="212" type="stmt" count="3"/>
        <line num="213" type="stmt" count="3"/>
        <line num="215" type="stmt" count="3"/>
        <line num="216" type="stmt" count="3"/>
        <line num="218" type="stmt" count="3"/>
        <line num="219" type="stmt" count="2"/>
        <line num="220" type="stmt" count="2"/>
        <line num="223" type="stmt" count="3"/>
        <line num="231" type="method" name="setDataPath" visibility="public" complexity="1" crap="2.00" count="0"/>
        <line num="233" type="stmt" count="0"/>
        <line num="235" type="stmt" count="0"/>
        <line num="243" type="method" name="setConfigPath" visibility="public" complexity="1" crap="2.00" count="0"/>
        <line num="245" type="stmt" count="0"/>
        <line num="247" type="stmt" count="0"/>
        <line num="255" type="method" name="setTemplatesPath" visibility="public" complexity="1" crap="2.00" count="0"/>
        <line num="257" type="stmt" count="0"/>
        <line num="259" type="stmt" count="0"/>
        <line num="269" type="method" name="setType" visibility="public" complexity="1" crap="1" count="8"/>
        <line num="271" type="stmt" count="8"/>
        <line num="272" type="stmt" count="8"/>
        <line num="274" type="stmt" count="8"/>
        <line num="283" type="method" name="_getConfig" visibility="protected" complexity="1" crap="1" count="5"/>
        <line num="285" type="stmt" count="5"/>
        <line num="294" type="method" name="getConfig" visibility="public" complexity="1" crap="2.00" count="0"/>
        <line num="296" type="stmt" count="0"/>
        <line num="303" type="method" name="_setConfig" visibility="protected" complexity="1" crap="2.00" count="0"/>
        <line num="305" type="stmt" count="0"/>
        <line num="306" type="stmt" count="0"/>
        <line num="318" type="method" name="setCa" visibility="public" complexity="1" crap="2.00" count="0"/>
        <line num="320" type="stmt" count="0"/>
        <line num="321" type="stmt" count="0"/>
        <line num="323" type="stmt" count="0"/>
        <line num="330" type="method" name="setCaFrom" visibility="public" complexity="1" crap="1" count="4"/>
        <line num="332" type="stmt" count="4"/>
        <line num="334" type="stmt" count="4"/>
        <line num="343" type="method" name="getAltNames" visibility="public" complexity="2" crap="2" count="1"/>
        <line num="345" type="stmt" count="1"/>
        <line num="346" type="stmt" count="1"/>
        <line num="349" type="stmt" count="1"/>
        <line num="359" type="method" name="setName" visibility="public" complexity="2" crap="2" count="8"/>
        <line num="361" type="stmt" count="8"/>
        <line num="364" type="stmt" count="8"/>
        <line num="365" type="stmt" count="7"/>
        <line num="368" type="stmt" count="8"/>
        <line num="374" type="method" name="sign" visibility="public" complexity="3" crap="3.14" count="5"/>
        <line num="377" type="stmt" count="5"/>
        <line num="378" type="stmt" count="5"/>
        <line num="379" type="stmt" count="0"/>
        <line num="383" type="stmt" count="5"/>
        <line num="386" type="stmt" count="5"/>
        <line num="388" type="stmt" count="0"/>
        <line num="394" type="stmt" count="5"/>
        <line num="397" type="stmt" count="5"/>
        <line num="406" type="method" name="_GenerateAltConfiguration" visibility="protected" complexity="2" crap="2" count="5"/>
        <line num="408" type="stmt" count="5"/>
        <line num="409" type="stmt" count="5"/>
        <line num="410" type="stmt" count="1"/>
        <line num="411" type="stmt" count="1"/>
        <line num="412" type="stmt" count="1"/>
        <line num="414" type="stmt" count="1"/>
        <line num="416" type="stmt" count="5"/>
        <line num="424" type="method" name="domainName" visibility="public" complexity="2" crap="2" count="5"/>
        <line num="426" type="stmt" count="5"/>
        <line num="427" type="stmt" count="5"/>
        <line num="430" type="stmt" count="5"/>
        <line num="439" type="method" name="_getCaCert" visibility="protected" complexity="1" crap="2.00" count="0"/>
        <line num="441" type="stmt" count="0"/>
        <line num="451" type="method" name="_getCaKey" visibility="protected" complexity="1" crap="2.00" count="0"/>
        <line num="453" type="stmt" count="0"/>
        <line num="466" type="method" name="getPrivateKey" visibility="public" complexity="2" crap="2" count="4"/>
        <line num="469" type="stmt" count="4"/>
        <line num="471" type="stmt" count="2"/>
        <line num="472" type="stmt" count="2"/>
        <line num="476" type="stmt" count="2"/>
        <line num="485" type="method" name="createRequest" visibility="public" complexity="1" crap="2.00" count="0"/>
        <line num="487" type="stmt" count="0"/>
        <line num="489" type="stmt" count="0"/>
        <line num="490" type="stmt" count="0"/>
        <line num="492" type="stmt" count="0"/>
        <line num="493" type="stmt" count="0"/>
        <line num="497" type="stmt" count="0"/>
        <line num="498" type="stmt" count="0"/>
        <line num="499" type="stmt" count="0"/>
        <line num="501" type="stmt" count="0"/>
        <line num="510" type="method" name="signWithServer" visibility="public" complexity="1" crap="2.00" count="0"/>
        <line num="513" type="stmt" count="0"/>
        <line num="514" type="stmt" count="0"/>
        <line num="517" type="stmt" count="0"/>
        <line num="519" type="stmt" count="0"/>
        <line num="527" type="method" name="writeTo" visibility="public" complexity="2" crap="2.01" count="5"/>
        <line num="531" type="stmt" count="5"/>
        <line num="533" type="stmt" count="5"/>
        <line num="534" type="stmt" count="5"/>
        <line num="535" type="stmt" count="5"/>
        <line num="536" type="stmt" count="5"/>
        <line num="538" type="stmt" count="5"/>
        <line num="541" type="stmt" count="0"/>
        <line num="550" type="method" name="toFile" visibility="public" complexity="3" crap="12.00" count="0"/>
        <line num="552" type="stmt" count="0"/>
        <line num="553" type="stmt" count="0"/>
        <line num="554" type="stmt" count="0"/>
        <line num="555" type="stmt" count="0"/>
        <line num="557" type="stmt" count="0"/>
        <line num="558" type="stmt" count="0"/>
        <line num="561" type="stmt" count="0"/>
        <line num="562" type="stmt" count="0"/>
        <line num="564" type="stmt" count="0"/>
        <line num="572" type="method" name="getPublicKey" visibility="public" complexity="1" crap="1" count="4"/>
        <line num="574" type="stmt" count="4"/>
        <line num="580" type="method" name="getDefaultConfiguration" visibility="public" complexity="1" crap="1" count="8"/>
        <line num="582" type="stmt" count="8"/>
        <metrics loc="583" ncloc="304" classes="1" methods="27" coveredmethods="12" conditionals="0" coveredconditionals="0" statements="103" coveredstatements="55" elements="130" coveredelements="67"/>
      </file>
      <file name="/app/src/Factory/SecurityFactory.php">
        <class name="MayMeow\Factory\SecurityFactory" namespace="MayMeow\Factory" fullPackage="MayMeow" package="MayMeow">
          <metrics complexity="18" methods="17" coveredmethods="7" conditionals="0" coveredconditionals="0" statements="39" coveredstatements="19" elements="56" coveredelements="26"/>
        </class>
        <line num="67" type="method" name="__construct" visibility="public" complexity="1" crap="1" count="7"/>
        <line num="69" type="stmt" count="7"/>
        <line num="70" type="stmt" count="7"/>
        <line num="75" type="method" name="getCertificateFactory" visibility="public" complexity="1" crap="2.00" count="0"/>
        <line num="77" type="stmt" count="0"/>
        <line num="83" type="method" name="_parsePrivateKeyFromInfo" visibility="protected" complexity="2" crap="6.00" count="0"/>
        <line num="85" type="stmt" count="0"/>
        <line num="87" type="stmt" count="0"/>
        <line num="94" type="method" name="setPrivateKey" visibility="public" complexity="1" crap="2.00" count="0"/>
        <line num="96" type="stmt" count="0"/>
        <line num="98" type="stmt" count="0"/>
        <line num="99" type="stmt" count="0"/>
        <line num="104" type="method" name="setPublicKey" visibility="public" complexity="1" crap="2.00" count="0"/>
        <line num="106" type="stmt" count="0"/>
        <line num="108" type="stmt" count="0"/>
        <line num="109" type="stmt" count="0"/>
        <line num="115" type="method" name="setKeyPair" visibility="public" complexity="1" crap="1" count="5"/>
        <line num="117" type="stmt" count="5"/>
        <line num="118" type="stmt" count="5"/>
        <line num="119" type="stmt" count="5"/>
        <line num="125" type="method" name="setString" visibility="public" complexity="1" crap="1" count="5"/>
        <line num="127" type="stmt" count="5"/>
        <line num="129" type="stmt" count="5"/>
        <line num="136" type="method" name="addRecipientKey" visibility="public" complexity="1" crap="2.00" count="0"/>
        <line num="138" type="stmt" count="0"/>
        <line num="140" type="stmt" count="0"/>
        <line num="146" type="method" name="encrypt" visibility="public" complexity="1" crap="1" count="2"/>
        <line num="148" type="stmt" count="2"/>
        <line num="149" type="stmt" count="2"/>
        <line num="151" type="stmt" count="2"/>
        <line num="157" type="method" name="decrypt" visibility="public" complexity="1" crap="1" count="2"/>
        <line num="159" type="stmt" count="2"/>
        <line num="160" type="stmt" count="2"/>
        <line num="162" type="stmt" count="2"/>
        <line num="168" type="method" name="publicEncrypt" visibility="public" complexity="1" crap="1" count="3"/>
        <line num="170" type="stmt" count="3"/>
        <line num="171" type="stmt" count="3"/>
        <line num="173" type="stmt" count="3"/>
        <line num="179" type="method" name="privateDecrypt" visibility="public" complexity="1" crap="1" count="3"/>
        <line num="181" type="stmt" count="3"/>
        <line num="182" type="stmt" count="3"/>
        <line num="184" type="stmt" count="3"/>
        <line num="190" type="method" name="seal" visibility="public" complexity="1" crap="2.00" count="0"/>
        <line num="192" type="stmt" count="0"/>
        <line num="195" type="stmt" count="0"/>
        <line num="196" type="stmt" count="0"/>
        <line num="204" type="method" name="open" visibility="public" complexity="1" crap="2.00" count="0"/>
        <line num="206" type="stmt" count="0"/>
        <line num="207" type="stmt" count="0"/>
        <line num="213" type="method" name="sign" visibility="public" complexity="1" crap="2.00" count="0"/>
        <line num="215" type="stmt" count="0"/>
        <line num="217" type="stmt" count="0"/>
        <line num="224" type="method" name="verify" visibility="public" complexity="1" crap="2.00" count="0"/>
        <line num="226" type="stmt" count="0"/>
        <line num="232" type="method" name="decryptPrivateKey" visibility="public" complexity="1" crap="2.00" count="0"/>
        <line num="235" type="stmt" count="0"/>
        <metrics loc="236" ncloc="135" classes="1" methods="17" coveredmethods="7" conditionals="0" coveredconditionals="0" statements="39" coveredstatements="19" elements="56" coveredelements="26"/>
      </file>
    </package>
    <file name="/app/src/Factory/CertificateFactoryInterface.php">
      <metrics loc="26" ncloc="9" classes="0" methods="0" coveredmethods="0" conditionals="0" coveredconditionals="0" statements="0" coveredstatements="0" elements="0" coveredelements="0"/>
    </file>
    <file name="/app/src/Interfaces/WriterInterface.php">
      <metrics loc="15" ncloc="15" classes="0" methods="0" coveredmethods="0" conditionals="0" coveredconditionals="0" statements="0" coveredstatements="0" elements="0" coveredelements="0"/>
    </file>
    <package name="MayMeow\Loaders">
      <file name="/app/src/Loaders/FileLoader.php">
        <class name="MayMeow\Loaders\FileLoader" namespace="MayMeow\Loaders" fullPackage="MayMeow" package="MayMeow">
          <metrics complexity="5" methods="5" coveredmethods="1" conditionals="0" coveredconditionals="0" statements="7" coveredstatements="3" elements="12" coveredelements="4"/>
        </class>
        <line num="26" type="method" name="__construct" visibility="public" complexity="1" crap="1" count="4"/>
        <line num="28" type="stmt" count="4"/>
        <line num="30" type="stmt" count="4"/>
        <line num="31" type="stmt" count="4"/>
        <line num="36" type="method" name="getPrivateKey" visibility="public" complexity="1" crap="2.00" count="0"/>
        <line num="38" type="stmt" count="0"/>
        <line num="44" type="method" name="setPrivateKey" visibility="public" complexity="1" crap="2.00" count="0"/>
        <line num="47" type="stmt" count="0"/>
        <line num="52" type="method" name="getPublicKey" visibility="public" complexity="1" crap="2.00" count="0"/>
        <line num="54" type="stmt" count="0"/>
        <line num="60" type="method" name="setPublicKey" visibility="public" complexity="1" crap="2.00" count="0"/>
        <line num="63" type="stmt" count="0"/>
        <metrics loc="63" ncloc="34" classes="1" methods="5" coveredmethods="1" conditionals="0" coveredconditionals="0" statements="7" coveredstatements="3" elements="12" coveredelements="4"/>
      </file>
      <file name="/app/src/Loaders/KeyPairFileLoader.php">
        <class name="MayMeow\Loaders\KeyPairFileLoader" namespace="MayMeow\Loaders" fullPackage="MayMeow" package="MayMeow">
          <metrics complexity="5" methods="4" coveredmethods="4" conditionals="0" coveredconditionals="0" statements="8" coveredstatements="8" elements="12" coveredelements="12"/>
        </class>
        <line num="55" type="method" name="__construct" visibility="public" complexity="1" crap="1" count="4"/>
        <line num="57" type="stmt" count="4"/>
        <line num="59" type="stmt" count="4"/>
        <line num="60" type="stmt" count="4"/>
        <line num="62" type="stmt" count="4"/>
        <line num="69" type="method" name="_parsePrivateKeyFromInfo" visibility="protected" complexity="2" crap="2" count="4"/>
        <line num="71" type="stmt" count="4"/>
        <line num="73" type="stmt" count="2"/>
        <line num="80" type="method" name="getPrivateKey" visibility="public" complexity="1" crap="1" count="4"/>
        <line num="82" type="stmt" count="4"/>
        <line num="89" type="method" name="getPublicKey" visibility="public" complexity="1" crap="1" count="4"/>
        <line num="91" type="stmt" count="4"/>
        <metrics loc="92" ncloc="42" classes="1" methods="4" coveredmethods="4" conditionals="0" coveredconditionals="0" statements="8" coveredstatements="8" elements="12" coveredelements="12"/>
      </file>
      <file name="/app/src/Loaders/KeyPairLoader.php">
        <class name="MayMeow\Loaders\KeyPairLoader" namespace="MayMeow\Loaders" fullPackage="MayMeow" package="MayMeow">
          <metrics complexity="5" methods="4" coveredmethods="3" conditionals="0" coveredconditionals="0" statements="10" coveredstatements="9" elements="14" coveredelements="12"/>
        </class>
        <line num="56" type="method" name="__construct" visibility="public" complexity="1" crap="1" count="1"/>
        <line num="58" type="stmt" count="1"/>
        <line num="60" type="stmt" count="1"/>
        <line num="62" type="stmt" count="1"/>
        <line num="63" type="stmt" count="1"/>
        <line num="65" type="stmt" count="1"/>
        <line num="73" type="method" name="_parsePrivateKeyFromInfo" visibility="protected" complexity="2" crap="2.15" count="1"/>
        <line num="75" type="stmt" count="1"/>
        <line num="76" type="stmt" count="1"/>
        <line num="79" type="stmt" count="0"/>
        <line num="86" type="method" name="getPrivateKey" visibility="public" complexity="1" crap="1" count="1"/>
        <line num="88" type="stmt" count="1"/>
        <line num="95" type="method" name="getPublicKey" visibility="public" complexity="1" crap="1" count="1"/>
        <line num="97" type="stmt" count="1"/>
        <metrics loc="98" ncloc="48" classes="1" methods="4" coveredmethods="3" conditionals="0" coveredconditionals="0" statements="10" coveredstatements="9" elements="14" coveredelements="12"/>
      </file>
    </package>
    <file name="/app/src/Loaders/KeyPairLoaderInterface.php">
      <metrics loc="29" ncloc="9" classes="0" methods="0" coveredmethods="0" conditionals="0" coveredconditionals="0" statements="0" coveredstatements="0" elements="0" coveredelements="0"/>
    </file>
    <package name="MayMeow\Model">
      <file name="/app/src/Model/AltNames.php">
        <class name="MayMeow\Model\AltNames" namespace="MayMeow\Model">
          <metrics complexity="10" methods="7" coveredmethods="2" conditionals="0" coveredconditionals="0" statements="24" coveredstatements="17" elements="31" coveredelements="19"/>
        </class>
        <line num="49" type="method" name="getIp" visibility="public" complexity="1" crap="2.00" count="0"/>
        <line num="51" type="stmt" count="0"/>
        <line num="58" type="method" name="setIp" visibility="public" complexity="1" crap="1" count="1"/>
        <line num="60" type="stmt" count="1"/>
        <line num="61" type="stmt" count="1"/>
        <line num="67" type="method" name="getDns" visibility="public" complexity="1" crap="2.00" count="0"/>
        <line num="69" type="stmt" count="0"/>
        <line num="76" type="method" name="setDns" visibility="public" complexity="1" crap="1" count="1"/>
        <line num="78" type="stmt" count="1"/>
        <line num="79" type="stmt" count="1"/>
        <line num="85" type="method" name="getUrl" visibility="public" complexity="1" crap="2.00" count="0"/>
        <line num="87" type="stmt" count="0"/>
        <line num="94" type="method" name="setUrl" visibility="public" complexity="1" crap="2.00" count="0"/>
        <line num="96" type="stmt" count="0"/>
        <line num="97" type="stmt" count="0"/>
        <line num="106" type="method" name="toString" visibility="public" complexity="4" crap="4.04" count="1"/>
        <line num="108" type="stmt" count="1"/>
        <line num="109" type="stmt" count="1"/>
        <line num="111" type="stmt" count="1"/>
        <line num="112" type="stmt" count="1"/>
        <line num="113" type="stmt" count="1"/>
        <line num="114" type="stmt" count="1"/>
        <line num="117" type="stmt" count="1"/>
        <line num="118" type="stmt" count="1"/>
        <line num="119" type="stmt" count="1"/>
        <line num="120" type="stmt" count="1"/>
        <line num="123" type="stmt" count="1"/>
        <line num="124" type="stmt" count="1"/>
        <line num="125" type="stmt" count="0"/>
        <line num="126" type="stmt" count="0"/>
        <line num="129" type="stmt" count="1"/>
        <metrics loc="132" ncloc="73" classes="1" methods="7" coveredmethods="2" conditionals="0" coveredconditionals="0" statements="24" coveredstatements="17" elements="31" coveredelements="19"/>
      </file>
      <file name="/app/src/Model/DomainName.php">
        <class name="MayMeow\Model\DomainName" namespace="MayMeow\Model" fullPackage="MayMeow" package="MayMeow">
          <metrics complexity="0" methods="0" coveredmethods="0" conditionals="0" coveredconditionals="0" statements="0" coveredstatements="0" elements="0" coveredelements="0"/>
        </class>
        <metrics loc="29" ncloc="9" classes="0" methods="0" coveredmethods="0" conditionals="0" coveredconditionals="0" statements="0" coveredstatements="0" elements="0" coveredelements="0"/>
      </file>
      <file name="/app/src/Model/EncryptConfiguration.php">
        <class name="MayMeow\Model\EncryptConfiguration" namespace="MayMeow\Model" fullPackage="MayMeow" package="MayMeow">
          <metrics complexity="7" methods="6" coveredmethods="3" conditionals="0" coveredconditionals="0" statements="8" coveredstatements="4" elements="14" coveredelements="7"/>
        </class>
        <line num="44" type="method" name="__construct" visibility="public" complexity="1" crap="1" count="12"/>
        <line num="46" type="stmt" count="12"/>
        <line num="47" type="stmt" count="12"/>
        <line num="49" type="method" name="defaultConfiguration" visibility="public" complexity="1" crap="1" count="8"/>
        <line num="51" type="stmt" count="8"/>
        <line num="58" type="method" name="parse" visibility="public" complexity="1" crap="1" count="12"/>
        <line num="60" type="stmt" count="12"/>
        <line num="69" type="method" name="getTemplatePath" visibility="public" complexity="2" crap="6.00" count="0"/>
        <line num="71" type="stmt" count="0"/>
        <line num="73" type="stmt" count="0"/>
        <line num="80" type="method" name="getCaTemplate" visibility="public" complexity="1" crap="2.00" count="0"/>
        <line num="82" type="stmt" count="0"/>
        <line num="85" type="method" name="getIntermediateTemplate" visibility="public" complexity="1" crap="2.00" count="0"/>
        <line num="87" type="stmt" count="0"/>
        <metrics loc="88" ncloc="44" classes="1" methods="6" coveredmethods="3" conditionals="0" coveredconditionals="0" statements="8" coveredstatements="4" elements="14" coveredelements="7"/>
      </file>
      <file name="/app/src/Model/KeyPair.php">
        <class name="MayMeow\Model\KeyPair" namespace="MayMeow\Model">
          <metrics complexity="6" methods="6" coveredmethods="6" conditionals="0" coveredconditionals="0" statements="8" coveredstatements="8" elements="14" coveredelements="14"/>
        </class>
        <line num="28" type="method" name="initialize" visibility="public" complexity="1" crap="1" count="3"/>
        <line num="30" type="stmt" count="3"/>
        <line num="33" type="method" name="__construct" visibility="private" complexity="1" crap="1" count="3"/>
        <line num="35" type="stmt" count="3"/>
        <line num="41" type="method" name="getPrivateKey" visibility="public" complexity="1" crap="1" count="3"/>
        <line num="43" type="stmt" count="3"/>
        <line num="51" type="method" name="setPrivateKey" visibility="public" complexity="1" crap="1" count="3"/>
        <line num="53" type="stmt" count="3"/>
        <line num="55" type="stmt" count="3"/>
        <line num="62" type="method" name="getPublicKey" visibility="public" complexity="1" crap="1" count="3"/>
        <line num="64" type="stmt" count="3"/>
        <line num="72" type="method" name="setPublicKey" visibility="public" complexity="1" crap="1" count="3"/>
        <line num="74" type="stmt" count="3"/>
        <line num="76" type="stmt" count="3"/>
        <metrics loc="77" ncloc="42" classes="1" methods="6" coveredmethods="6" conditionals="0" coveredconditionals="0" statements="8" coveredstatements="8" elements="14" coveredelements="14"/>
      </file>
      <file name="/app/src/Model/SignedCertificate.php">
        <class name="MayMeow\Model\SignedCertificate" namespace="MayMeow\Model">
          <metrics complexity="0" methods="0" coveredmethods="0" conditionals="0" coveredconditionals="0" statements="0" coveredstatements="0" elements="0" coveredelements="0"/>
        </class>
        <metrics loc="23" ncloc="8" classes="0" methods="0" coveredmethods="0" conditionals="0" coveredconditionals="0" statements="0" coveredstatements="0" elements="0" coveredelements="0"/>
      </file>
    </package>
    <file name="/app/src/Model/KeyPairInterface.php">
      <metrics loc="45" ncloc="13" classes="0" methods="0" coveredmethods="0" conditionals="0" coveredconditionals="0" statements="0" coveredstatements="0" elements="0" coveredelements="0"/>
    </file>
    <file name="/app/src/Model/SignedCertificateInterface.php">
      <metrics loc="21" ncloc="7" classes="0" methods="0" coveredmethods="0" conditionals="0" coveredconditionals="0" statements="0" coveredstatements="0" elements="0" coveredelements="0"/>
    </file>
    <package name="MayMeow\RSA">
      <file name="/app/src/RSA/RSACryptoServiceProvider.php">
        <class name="MayMeow\RSA\RSACryptoServiceProvider" namespace="MayMeow\RSA" fullPackage="MayMeow" package="MayMeow">
          <metrics complexity="0" methods="0" coveredmethods="0" conditionals="0" coveredconditionals="0" statements="0" coveredstatements="0" elements="0" coveredelements="0"/>
        </class>
        <metrics loc="13" ncloc="7" classes="0" methods="0" coveredmethods="0" conditionals="0" coveredconditionals="0" statements="0" coveredstatements="0" elements="0" coveredelements="0"/>
      </file>
    </package>
    <package name="MayMeow\Writers">
      <file name="/app/src/Writers/FileWriter.php">
        <class name="MayMeow\Writers\FileWriter" namespace="MayMeow\Writers">
          <metrics complexity="6" methods="4" coveredmethods="3" conditionals="0" coveredconditionals="0" statements="19" coveredstatements="14" elements="23" coveredelements="17"/>
        </class>
        <line num="23" type="method" name="setCert" visibility="public" complexity="1" crap="1" count="5"/>
        <line num="25" type="stmt" count="5"/>
        <line num="26" type="stmt" count="5"/>
        <line num="33" type="method" name="setName" visibility="public" complexity="1" crap="1" count="5"/>
        <line num="35" type="stmt" count="5"/>
        <line num="36" type="stmt" count="5"/>
        <line num="43" type="method" name="setCertConfiguration" visibility="public" complexity="1" crap="1" count="5"/>
        <line num="45" type="stmt" count="5"/>
        <line num="46" type="stmt" count="5"/>
        <line num="52" type="method" name="write" visibility="public" complexity="3" crap="3.51" count="5"/>
        <line num="54" type="stmt" count="5"/>
        <line num="55" type="stmt" count="5"/>
        <line num="57" type="stmt" count="5"/>
        <line num="58" type="stmt" count="5"/>
        <line num="59" type="stmt" count="5"/>
        <line num="61" type="stmt" count="5"/>
        <line num="62" type="stmt" count="0"/>
        <line num="63" type="stmt" count="0"/>
        <line num="66" type="stmt" count="5"/>
        <line num="67" type="stmt" count="0"/>
        <line num="68" type="stmt" count="0"/>
        <line num="69" type="stmt" count="0"/>
        <line num="72" type="stmt" count="5"/>
        <metrics loc="72" ncloc="54" classes="1" methods="4" coveredmethods="3" conditionals="0" coveredconditionals="0" statements="19" coveredstatements="14" elements="23" coveredelements="17"/>
      </file>
    </package>
    <metrics files="18" loc="1657" ncloc="860" classes="9" methods="80" coveredmethods="41" conditionals="0" coveredconditionals="0" statements="226" coveredstatements="137" elements="306" coveredelements="178"/>
  </project>
</coverage>
